::1 - - [30/May/2022:08:29:26 +0000] "GET /socket.io/?EIO=4&transport=polling&t=O4K5OzT HTTP/1.1" 404 149 "http://localhost:3000/" "Mozilla/5.0 (Windows NT 10.0; Win64; x64) AppleWebKit/537.36 (KHTML, like Gecko) Chrome/101.0.4951.67 Safari/537.36"
::1 - - [30/May/2022:08:29:27 +0000] "GET /socket.io/?EIO=4&transport=polling&t=O4K5P9- HTTP/1.1" 404 149 "http://localhost:3000/" "Mozilla/5.0 (Windows NT 10.0; Win64; x64) AppleWebKit/537.36 (KHTML, like Gecko) Chrome/101.0.4951.67 Safari/537.36"
::1 - - [30/May/2022:08:29:28 +0000] "GET /socket.io/?EIO=4&transport=polling&t=O4K5PS9 HTTP/1.1" 404 149 "http://localhost:3000/" "Mozilla/5.0 (Windows NT 10.0; Win64; x64) AppleWebKit/537.36 (KHTML, like Gecko) Chrome/101.0.4951.67 Safari/537.36"
::1 - - [30/May/2022:08:29:32 +0000] "GET /socket.io/?EIO=4&transport=polling&t=O4K5QOb HTTP/1.1" 404 149 "http://localhost:3000/" "Mozilla/5.0 (Windows NT 10.0; Win64; x64) AppleWebKit/537.36 (KHTML, like Gecko) Chrome/101.0.4951.67 Safari/537.36"
::1 - - [30/May/2022:08:29:37 +0000] "GET /socket.io/?EIO=4&transport=polling&t=O4K5Rcr HTTP/1.1" 404 149 "http://localhost:3000/" "Mozilla/5.0 (Windows NT 10.0; Win64; x64) AppleWebKit/537.36 (KHTML, like Gecko) Chrome/101.0.4951.67 Safari/537.36"
::1 - - [30/May/2022:08:29:42 +0000] "GET /socket.io/?EIO=4&transport=polling&t=O4K5SrB HTTP/1.1" 404 149 "http://localhost:3000/" "Mozilla/5.0 (Windows NT 10.0; Win64; x64) AppleWebKit/537.36 (KHTML, like Gecko) Chrome/101.0.4951.67 Safari/537.36"
::1 - - [30/May/2022:08:29:47 +0000] "GET /socket.io/?EIO=4&transport=polling&t=O4K5U3c HTTP/1.1" 404 149 "http://localhost:3000/" "Mozilla/5.0 (Windows NT 10.0; Win64; x64) AppleWebKit/537.36 (KHTML, like Gecko) Chrome/101.0.4951.67 Safari/537.36"
::1 - - [30/May/2022:08:29:52 +0000] "GET /socket.io/?EIO=4&transport=polling&t=O4K5VI3 HTTP/1.1" 404 149 "http://localhost:3000/" "Mozilla/5.0 (Windows NT 10.0; Win64; x64) AppleWebKit/537.36 (KHTML, like Gecko) Chrome/101.0.4951.67 Safari/537.36"
::1 - - [30/May/2022:08:29:57 +0000] "GET /socket.io/?EIO=4&transport=polling&t=O4K5WWU HTTP/1.1" 404 149 "http://localhost:3000/" "Mozilla/5.0 (Windows NT 10.0; Win64; x64) AppleWebKit/537.36 (KHTML, like Gecko) Chrome/101.0.4951.67 Safari/537.36"
::1 - - [30/May/2022:08:30:02 +0000] "GET /socket.io/?EIO=4&transport=polling&t=O4K5Xkq HTTP/1.1" 404 149 "http://localhost:3000/" "Mozilla/5.0 (Windows NT 10.0; Win64; x64) AppleWebKit/537.36 (KHTML, like Gecko) Chrome/101.0.4951.67 Safari/537.36"
::1 - - [30/May/2022:08:30:07 +0000] "GET /socket.io/?EIO=4&transport=polling&t=O4K5YzF HTTP/1.1" 404 149 "http://localhost:3000/" "Mozilla/5.0 (Windows NT 10.0; Win64; x64) AppleWebKit/537.36 (KHTML, like Gecko) Chrome/101.0.4951.67 Safari/537.36"
::1 - - [30/May/2022:08:30:12 +0000] "GET /socket.io/?EIO=4&transport=polling&t=O4K5aBf HTTP/1.1" 404 149 "http://localhost:3000/" "Mozilla/5.0 (Windows NT 10.0; Win64; x64) AppleWebKit/537.36 (KHTML, like Gecko) Chrome/101.0.4951.67 Safari/537.36"
::1 - - [30/May/2022:08:30:17 +0000] "GET /socket.io/?EIO=4&transport=polling&t=O4K5bQ5 HTTP/1.1" 404 149 "http://localhost:3000/" "Mozilla/5.0 (Windows NT 10.0; Win64; x64) AppleWebKit/537.36 (KHTML, like Gecko) Chrome/101.0.4951.67 Safari/537.36"
::1 - - [30/May/2022:08:30:22 +0000] "GET /socket.io/?EIO=4&transport=polling&t=O4K5ceX HTTP/1.1" 404 149 "http://localhost:3000/" "Mozilla/5.0 (Windows NT 10.0; Win64; x64) AppleWebKit/537.36 (KHTML, like Gecko) Chrome/101.0.4951.67 Safari/537.36"
::1 - - [30/May/2022:08:30:27 +0000] "GET /socket.io/?EIO=4&transport=polling&t=O4K5dst HTTP/1.1" 404 149 "http://localhost:3000/" "Mozilla/5.0 (Windows NT 10.0; Win64; x64) AppleWebKit/537.36 (KHTML, like Gecko) Chrome/101.0.4951.67 Safari/537.36"
::1 - - [30/May/2022:08:30:32 +0000] "GET /socket.io/?EIO=4&transport=polling&t=O4K5f5F HTTP/1.1" 404 149 "http://localhost:3000/" "Mozilla/5.0 (Windows NT 10.0; Win64; x64) AppleWebKit/537.36 (KHTML, like Gecko) Chrome/101.0.4951.67 Safari/537.36"
::1 - - [30/May/2022:08:30:37 +0000] "GET /socket.io/?EIO=4&transport=polling&t=O4K5gJj HTTP/1.1" 404 149 "http://localhost:3000/" "Mozilla/5.0 (Windows NT 10.0; Win64; x64) AppleWebKit/537.36 (KHTML, like Gecko) Chrome/101.0.4951.67 Safari/537.36"
::1 - - [30/May/2022:08:30:42 +0000] "GET /socket.io/?EIO=4&transport=polling&t=O4K5hY4 HTTP/1.1" 404 149 "http://localhost:3000/" "Mozilla/5.0 (Windows NT 10.0; Win64; x64) AppleWebKit/537.36 (KHTML, like Gecko) Chrome/101.0.4951.67 Safari/537.36"
::1 - - [30/May/2022:08:30:47 +0000] "GET /socket.io/?EIO=4&transport=polling&t=O4K5imU HTTP/1.1" 404 149 "http://localhost:3000/" "Mozilla/5.0 (Windows NT 10.0; Win64; x64) AppleWebKit/537.36 (KHTML, like Gecko) Chrome/101.0.4951.67 Safari/537.36"
::1 - - [30/May/2022:08:30:52 +0000] "GET /socket.io/?EIO=4&transport=polling&t=O4K5j-_ HTTP/1.1" 404 149 "http://localhost:3000/" "Mozilla/5.0 (Windows NT 10.0; Win64; x64) AppleWebKit/537.36 (KHTML, like Gecko) Chrome/101.0.4951.67 Safari/537.36"
::1 - - [30/May/2022:08:30:57 +0000] "GET /socket.io/?EIO=4&transport=polling&t=O4K5lDM HTTP/1.1" 404 149 "http://localhost:3000/" "Mozilla/5.0 (Windows NT 10.0; Win64; x64) AppleWebKit/537.36 (KHTML, like Gecko) Chrome/101.0.4951.67 Safari/537.36"
::1 - - [30/May/2022:08:31:02 +0000] "GET /socket.io/?EIO=4&transport=polling&t=O4K5mRs HTTP/1.1" 404 149 "http://localhost:3000/" "Mozilla/5.0 (Windows NT 10.0; Win64; x64) AppleWebKit/537.36 (KHTML, like Gecko) Chrome/101.0.4951.67 Safari/537.36"
::1 - - [30/May/2022:08:31:07 +0000] "GET /socket.io/?EIO=4&transport=polling&t=O4K5ngM HTTP/1.1" 404 149 "http://localhost:3000/" "Mozilla/5.0 (Windows NT 10.0; Win64; x64) AppleWebKit/537.36 (KHTML, like Gecko) Chrome/101.0.4951.67 Safari/537.36"
::1 - - [30/May/2022:08:31:12 +0000] "GET /socket.io/?EIO=4&transport=polling&t=O4K5ouh HTTP/1.1" 404 149 "http://localhost:3000/" "Mozilla/5.0 (Windows NT 10.0; Win64; x64) AppleWebKit/537.36 (KHTML, like Gecko) Chrome/101.0.4951.67 Safari/537.36"
::1 - - [30/May/2022:08:31:17 +0000] "GET /socket.io/?EIO=4&transport=polling&t=O4K5q73 HTTP/1.1" 404 149 "http://localhost:3000/" "Mozilla/5.0 (Windows NT 10.0; Win64; x64) AppleWebKit/537.36 (KHTML, like Gecko) Chrome/101.0.4951.67 Safari/537.36"
::1 - - [30/May/2022:08:31:22 +0000] "GET /socket.io/?EIO=4&transport=polling&t=O4K5rLR HTTP/1.1" 404 149 "http://localhost:3000/" "Mozilla/5.0 (Windows NT 10.0; Win64; x64) AppleWebKit/537.36 (KHTML, like Gecko) Chrome/101.0.4951.67 Safari/537.36"
::1 - - [30/May/2022:08:31:27 +0000] "GET /socket.io/?EIO=4&transport=polling&t=O4K5sZo HTTP/1.1" 404 149 "http://localhost:3000/" "Mozilla/5.0 (Windows NT 10.0; Win64; x64) AppleWebKit/537.36 (KHTML, like Gecko) Chrome/101.0.4951.67 Safari/537.36"
::1 - - [30/May/2022:08:31:32 +0000] "GET /socket.io/?EIO=4&transport=polling&t=O4K5toC HTTP/1.1" 404 149 "http://localhost:3000/" "Mozilla/5.0 (Windows NT 10.0; Win64; x64) AppleWebKit/537.36 (KHTML, like Gecko) Chrome/101.0.4951.67 Safari/537.36"
::1 - - [30/May/2022:08:31:37 +0000] "GET /socket.io/?EIO=4&transport=polling&t=O4K5v0S HTTP/1.1" 404 149 "http://localhost:3000/" "Mozilla/5.0 (Windows NT 10.0; Win64; x64) AppleWebKit/537.36 (KHTML, like Gecko) Chrome/101.0.4951.67 Safari/537.36"
::1 - - [30/May/2022:08:31:42 +0000] "GET /socket.io/?EIO=4&transport=polling&t=O4K5wEi HTTP/1.1" 404 149 "http://localhost:3000/" "Mozilla/5.0 (Windows NT 10.0; Win64; x64) AppleWebKit/537.36 (KHTML, like Gecko) Chrome/101.0.4951.67 Safari/537.36"
::1 - - [30/May/2022:08:31:47 +0000] "GET /socket.io/?EIO=4&transport=polling&t=O4K5xT1 HTTP/1.1" 404 149 "http://localhost:3000/" "Mozilla/5.0 (Windows NT 10.0; Win64; x64) AppleWebKit/537.36 (KHTML, like Gecko) Chrome/101.0.4951.67 Safari/537.36"
::1 - - [30/May/2022:08:31:52 +0000] "GET /socket.io/?EIO=4&transport=polling&t=O4K5yhG HTTP/1.1" 404 149 "http://localhost:3000/" "Mozilla/5.0 (Windows NT 10.0; Win64; x64) AppleWebKit/537.36 (KHTML, like Gecko) Chrome/101.0.4951.67 Safari/537.36"
::1 - - [30/May/2022:08:31:57 +0000] "GET /socket.io/?EIO=4&transport=polling&t=O4K5zvl HTTP/1.1" 404 149 "http://localhost:3000/" "Mozilla/5.0 (Windows NT 10.0; Win64; x64) AppleWebKit/537.36 (KHTML, like Gecko) Chrome/101.0.4951.67 Safari/537.36"
::1 - - [30/May/2022:08:32:02 +0000] "GET /socket.io/?EIO=4&transport=polling&t=O4K5_89 HTTP/1.1" 404 149 "http://localhost:3000/" "Mozilla/5.0 (Windows NT 10.0; Win64; x64) AppleWebKit/537.36 (KHTML, like Gecko) Chrome/101.0.4951.67 Safari/537.36"
::1 - - [30/May/2022:08:32:07 +0000] "GET /socket.io/?EIO=4&transport=polling&t=O4K60MS HTTP/1.1" 404 149 "http://localhost:3000/" "Mozilla/5.0 (Windows NT 10.0; Win64; x64) AppleWebKit/537.36 (KHTML, like Gecko) Chrome/101.0.4951.67 Safari/537.36"
::1 - - [30/May/2022:08:32:12 +0000] "GET /socket.io/?EIO=4&transport=polling&t=O4K61ai HTTP/1.1" 404 149 "http://localhost:3000/" "Mozilla/5.0 (Windows NT 10.0; Win64; x64) AppleWebKit/537.36 (KHTML, like Gecko) Chrome/101.0.4951.67 Safari/537.36"
::1 - - [30/May/2022:08:32:17 +0000] "GET /socket.io/?EIO=4&transport=polling&t=O4K62ox HTTP/1.1" 404 149 "http://localhost:3000/" "Mozilla/5.0 (Windows NT 10.0; Win64; x64) AppleWebKit/537.36 (KHTML, like Gecko) Chrome/101.0.4951.67 Safari/537.36"
::1 - - [30/May/2022:08:32:22 +0000] "GET /socket.io/?EIO=4&transport=polling&t=O4K641I HTTP/1.1" 404 149 "http://localhost:3000/" "Mozilla/5.0 (Windows NT 10.0; Win64; x64) AppleWebKit/537.36 (KHTML, like Gecko) Chrome/101.0.4951.67 Safari/537.36"
::1 - - [30/May/2022:08:32:27 +0000] "GET /socket.io/?EIO=4&transport=polling&t=O4K65Fl HTTP/1.1" 404 149 "http://localhost:3000/" "Mozilla/5.0 (Windows NT 10.0; Win64; x64) AppleWebKit/537.36 (KHTML, like Gecko) Chrome/101.0.4951.67 Safari/537.36"
::1 - - [30/May/2022:08:32:32 +0000] "GET /socket.io/?EIO=4&transport=polling&t=O4K66Pu HTTP/1.1" 404 149 "http://localhost:3000/" "Mozilla/5.0 (Windows NT 10.0; Win64; x64) AppleWebKit/537.36 (KHTML, like Gecko) Chrome/101.0.4951.67 Safari/537.36"
::1 - - [30/May/2022:08:32:33 +0000] "GET /socket.io/?EIO=4&transport=polling&t=O4K66j9 HTTP/1.1" 404 149 "http://localhost:3000/" "Mozilla/5.0 (Windows NT 10.0; Win64; x64) AppleWebKit/537.36 (KHTML, like Gecko) Chrome/101.0.4951.67 Safari/537.36"
::1 - - [30/May/2022:08:32:36 +0000] "GET /socket.io/?EIO=4&transport=polling&t=O4K67Rj HTTP/1.1" 404 149 "http://localhost:3000/" "Mozilla/5.0 (Windows NT 10.0; Win64; x64) AppleWebKit/537.36 (KHTML, like Gecko) Chrome/101.0.4951.67 Safari/537.36"
::1 - - [30/May/2022:08:32:40 +0000] "GET /socket.io/?EIO=4&transport=polling&t=O4K68Tp HTTP/1.1" 404 149 "http://localhost:3000/" "Mozilla/5.0 (Windows NT 10.0; Win64; x64) AppleWebKit/537.36 (KHTML, like Gecko) Chrome/101.0.4951.67 Safari/537.36"
::1 - - [30/May/2022:08:32:45 +0000] "GET /socket.io/?EIO=4&transport=polling&t=O4K69i5 HTTP/1.1" 404 149 "http://localhost:3000/" "Mozilla/5.0 (Windows NT 10.0; Win64; x64) AppleWebKit/537.36 (KHTML, like Gecko) Chrome/101.0.4951.67 Safari/537.36"
::1 - - [30/May/2022:08:32:50 +0000] "GET /socket.io/?EIO=4&transport=polling&t=O4K6AwQ HTTP/1.1" 404 149 "http://localhost:3000/" "Mozilla/5.0 (Windows NT 10.0; Win64; x64) AppleWebKit/537.36 (KHTML, like Gecko) Chrome/101.0.4951.67 Safari/537.36"
::1 - - [30/May/2022:08:32:55 +0000] "GET /socket.io/?EIO=4&transport=polling&t=O4K6C8u HTTP/1.1" 404 149 "http://localhost:3000/" "Mozilla/5.0 (Windows NT 10.0; Win64; x64) AppleWebKit/537.36 (KHTML, like Gecko) Chrome/101.0.4951.67 Safari/537.36"
::1 - - [30/May/2022:08:33:00 +0000] "GET /socket.io/?EIO=4&transport=polling&t=O4K6DN9 HTTP/1.1" 404 149 "http://localhost:3000/" "Mozilla/5.0 (Windows NT 10.0; Win64; x64) AppleWebKit/537.36 (KHTML, like Gecko) Chrome/101.0.4951.67 Safari/537.36"
